<?xml version="1.0" encoding="UTF-8"?>
<testng-results ignored="0" total="2" passed="2" failed="0" skipped="0">
  <reporter-output>
  </reporter-output>
  <suite started-at="2020-09-24T10:26:51 ART" name="Default suite" finished-at="2020-09-24T10:26:55 ART" duration-ms="4655">
    <groups>
    </groups>
    <test started-at="2020-09-24T10:26:51 ART" name="Default test" finished-at="2020-09-24T10:26:55 ART" duration-ms="4655">
      <class name="Test01_GET">
        <test-method signature="test_01()[pri:0, instance:Test01_GET@2e1d27ba]" started-at="2020-09-24T10:26:51 ART" name="test_01" finished-at="2020-09-24T10:26:54 ART" duration-ms="3130" status="PASS">
          <reporter-output>
          </reporter-output>
        </test-method> <!-- test_01 -->
        <test-method signature="test_02()[pri:0, instance:Test01_GET@2e1d27ba]" started-at="2020-09-24T10:26:54 ART" name="test_02" finished-at="2020-09-24T10:26:55 ART" duration-ms="1470" status="PASS">
          <reporter-output>
          </reporter-output>
        </test-method> <!-- test_02 -->
      </class> <!-- Test01_GET -->
    </test> <!-- Default test -->
  </suite> <!-- Default suite -->
</testng-results>
